<?xml version="1.0" encoding="UTF-8"?>
<testng-results ignored="0" total="2" passed="2" failed="0" skipped="0">
  <reporter-output>
  </reporter-output>
  <suite started-at="2023-09-18T13:39:54 IST" name="TechpandaSuite" finished-at="2023-09-18T13:40:18 IST" duration-ms="24738">
    <groups>
      <group name="Master">
        <method signature="TC_001_AccountRegistrationTest.test_AccountRegister()[pri:0, instance:testCases.TC_001_AccountRegistrationTest@1aa7ecca]" name="test_AccountRegister" class="testCases.TC_001_AccountRegistrationTest"/>
        <method signature="TC_002_LoginTest.test_login()[pri:0, instance:testCases.TC_002_LoginTest@52bf72b5]" name="test_login" class="testCases.TC_002_LoginTest"/>
      </group> <!-- Master -->
      <group name="Sanity">
        <method signature="TC_002_LoginTest.test_login()[pri:0, instance:testCases.TC_002_LoginTest@52bf72b5]" name="test_login" class="testCases.TC_002_LoginTest"/>
      </group> <!-- Sanity -->
      <group name="Regression">
        <method signature="TC_001_AccountRegistrationTest.test_AccountRegister()[pri:0, instance:testCases.TC_001_AccountRegistrationTest@1aa7ecca]" name="test_AccountRegister" class="testCases.TC_001_AccountRegistrationTest"/>
      </group> <!-- Regression -->
    </groups>
    <test started-at="2023-09-18T13:39:54 IST" name="TechpandaTest" finished-at="2023-09-18T13:40:18 IST" duration-ms="24738">
      <class name="testCases.TC_001_AccountRegistrationTest">
        <test-method is-config="true" signature="setup(java.lang.String)[pri:0, instance:testCases.TC_001_AccountRegistrationTest@1aa7ecca]" started-at="2023-09-18T13:39:54 IST" name="setup" finished-at="2023-09-18T13:40:04 IST" duration-ms="10450" status="PASS">
          <params>
            <param index="0">
              <value>
                <![CDATA[Chrome]]>
              </value>
            </param>
          </params>
          <reporter-output>
          </reporter-output>
        </test-method> <!-- setup -->
        <test-method signature="test_AccountRegister()[pri:0, instance:testCases.TC_001_AccountRegistrationTest@1aa7ecca]" started-at="2023-09-18T13:40:04 IST" name="test_AccountRegister" finished-at="2023-09-18T13:40:08 IST" duration-ms="3866" status="PASS">
          <reporter-output>
          </reporter-output>
        </test-method> <!-- test_AccountRegister -->
        <test-method is-config="true" signature="tearDown()[pri:0, instance:testCases.TC_001_AccountRegistrationTest@1aa7ecca]" started-at="2023-09-18T13:40:08 IST" name="tearDown" finished-at="2023-09-18T13:40:09 IST" duration-ms="263" status="PASS">
          <reporter-output>
          </reporter-output>
        </test-method> <!-- tearDown -->
      </class> <!-- testCases.TC_001_AccountRegistrationTest -->
      <class name="testCases.TC_002_LoginTest">
        <test-method is-config="true" signature="setup(java.lang.String)[pri:0, instance:testCases.TC_002_LoginTest@52bf72b5]" started-at="2023-09-18T13:40:09 IST" name="setup" finished-at="2023-09-18T13:40:15 IST" duration-ms="6062" status="PASS">
          <params>
            <param index="0">
              <value>
                <![CDATA[Chrome]]>
              </value>
            </param>
          </params>
          <reporter-output>
          </reporter-output>
        </test-method> <!-- setup -->
        <test-method signature="test_login()[pri:0, instance:testCases.TC_002_LoginTest@52bf72b5]" started-at="2023-09-18T13:40:15 IST" name="test_login" finished-at="2023-09-18T13:40:18 IST" duration-ms="3268" status="PASS">
          <reporter-output>
          </reporter-output>
        </test-method> <!-- test_login -->
        <test-method is-config="true" signature="tearDown()[pri:0, instance:testCases.TC_002_LoginTest@52bf72b5]" started-at="2023-09-18T13:40:18 IST" name="tearDown" finished-at="2023-09-18T13:40:18 IST" duration-ms="332" status="PASS">
          <reporter-output>
          </reporter-output>
        </test-method> <!-- tearDown -->
      </class> <!-- testCases.TC_002_LoginTest -->
    </test> <!-- TechpandaTest -->
  </suite> <!-- TechpandaSuite -->
</testng-results>
