<?xml version="1.0" encoding="UTF-8"?>
<testng-results ignored="0" total="2" passed="2" failed="0" skipped="0">
  <reporter-output>
  </reporter-output>
  <suite started-at="2023-09-18T12:21:13 IST" name="TechpandaSuite" finished-at="2023-09-18T12:21:38 IST" duration-ms="25440">
    <groups>
      <group name="Master">
        <method signature="TC_001_AccountRegistrationTest.test_AccountRegister()[pri:0, instance:testCases.TC_001_AccountRegistrationTest@57a3af25]" name="test_AccountRegister" class="testCases.TC_001_AccountRegistrationTest"/>
        <method signature="TC_002_LoginTest.test_login()[pri:0, instance:testCases.TC_002_LoginTest@223191a6]" name="test_login" class="testCases.TC_002_LoginTest"/>
      </group> <!-- Master -->
      <group name="Sanity">
        <method signature="TC_002_LoginTest.test_login()[pri:0, instance:testCases.TC_002_LoginTest@223191a6]" name="test_login" class="testCases.TC_002_LoginTest"/>
      </group> <!-- Sanity -->
      <group name="Regression">
        <method signature="TC_001_AccountRegistrationTest.test_AccountRegister()[pri:0, instance:testCases.TC_001_AccountRegistrationTest@57a3af25]" name="test_AccountRegister" class="testCases.TC_001_AccountRegistrationTest"/>
      </group> <!-- Regression -->
    </groups>
    <test started-at="2023-09-18T12:21:13 IST" name="TechpandaTest" finished-at="2023-09-18T12:21:38 IST" duration-ms="25440">
      <class name="testCases.TC_001_AccountRegistrationTest">
        <test-method is-config="true" signature="setup(java.lang.String)[pri:0, instance:testCases.TC_001_AccountRegistrationTest@57a3af25]" started-at="2023-09-18T12:21:13 IST" name="setup" finished-at="2023-09-18T12:21:23 IST" duration-ms="9900" status="PASS">
          <params>
            <param index="0">
              <value>
                <![CDATA[Chrome]]>
              </value>
            </param>
          </params>
          <reporter-output>
          </reporter-output>
        </test-method> <!-- setup -->
        <test-method signature="test_AccountRegister()[pri:0, instance:testCases.TC_001_AccountRegistrationTest@57a3af25]" started-at="2023-09-18T12:21:23 IST" name="test_AccountRegister" finished-at="2023-09-18T12:21:27 IST" duration-ms="3690" status="PASS">
          <reporter-output>
          </reporter-output>
        </test-method> <!-- test_AccountRegister -->
        <test-method is-config="true" signature="tearDown()[pri:0, instance:testCases.TC_001_AccountRegistrationTest@57a3af25]" started-at="2023-09-18T12:21:27 IST" name="tearDown" finished-at="2023-09-18T12:21:27 IST" duration-ms="288" status="PASS">
          <reporter-output>
          </reporter-output>
        </test-method> <!-- tearDown -->
      </class> <!-- testCases.TC_001_AccountRegistrationTest -->
      <class name="testCases.TC_002_LoginTest">
        <test-method is-config="true" signature="setup(java.lang.String)[pri:0, instance:testCases.TC_002_LoginTest@223191a6]" started-at="2023-09-18T12:21:27 IST" name="setup" finished-at="2023-09-18T12:21:34 IST" duration-ms="7063" status="PASS">
          <params>
            <param index="0">
              <value>
                <![CDATA[Chrome]]>
              </value>
            </param>
          </params>
          <reporter-output>
          </reporter-output>
        </test-method> <!-- setup -->
        <test-method signature="test_login()[pri:0, instance:testCases.TC_002_LoginTest@223191a6]" started-at="2023-09-18T12:21:34 IST" name="test_login" finished-at="2023-09-18T12:21:38 IST" duration-ms="3576" status="PASS">
          <reporter-output>
          </reporter-output>
        </test-method> <!-- test_login -->
        <test-method is-config="true" signature="tearDown()[pri:0, instance:testCases.TC_002_LoginTest@223191a6]" started-at="2023-09-18T12:21:38 IST" name="tearDown" finished-at="2023-09-18T12:21:38 IST" duration-ms="276" status="PASS">
          <reporter-output>
          </reporter-output>
        </test-method> <!-- tearDown -->
      </class> <!-- testCases.TC_002_LoginTest -->
    </test> <!-- TechpandaTest -->
  </suite> <!-- TechpandaSuite -->
</testng-results>
